  Creature.cpp
  IObject.cpp
  Button.cpp
C:\Users\BIGSU\Documents\GitHub\Copy_Dungreed\Copy_Dungreed\Copy_Dungreed\Copy_Dungreed\Object\UI\Button.cpp(72,37): warning C4244: '=': 'float'에서 'LONG'(으)로 변환하면서 데이터가 손실될 수 있습니다.
C:\Users\BIGSU\Documents\GitHub\Copy_Dungreed\Copy_Dungreed\Copy_Dungreed\Copy_Dungreed\Object\UI\Button.cpp(73,51): warning C4244: '=': 'float'에서 'LONG'(으)로 변환하면서 데이터가 손실될 수 있습니다.
C:\Users\BIGSU\Documents\GitHub\Copy_Dungreed\Copy_Dungreed\Copy_Dungreed\Copy_Dungreed\Object\UI\Button.cpp(74,38): warning C4244: '=': 'float'에서 'LONG'(으)로 변환하면서 데이터가 손실될 수 있습니다.
C:\Users\BIGSU\Documents\GitHub\Copy_Dungreed\Copy_Dungreed\Copy_Dungreed\Copy_Dungreed\Object\UI\Button.cpp(75,54): warning C4244: '=': 'float'에서 'LONG'(으)로 변환하면서 데이터가 손실될 수 있습니다.
  BlendState.cpp
  Program.cpp
G:\VisualStudio\VC\Tools\MSVC\14.32.31326\include\xmemory(1928,9): error C2259: 'GameMode': 추상 클래스를 인스턴스화할 수 없습니다.
C:\Users\BIGSU\Documents\GitHub\Copy_Dungreed\Copy_Dungreed\Copy_Dungreed\Copy_Dungreed\Dungreed\GameMode\GameMode.h(3): message : 'GameMode' 선언을 참조하십시오.
G:\VisualStudio\VC\Tools\MSVC\14.32.31326\include\xmemory(1928,9): message : 다음 멤버가 원인입니다.
G:\VisualStudio\VC\Tools\MSVC\14.32.31326\include\xmemory(1928,9): message : 'void GameMode::Update(void)': abstract입니다.
C:\Users\BIGSU\Documents\GitHub\Copy_Dungreed\Copy_Dungreed\Copy_Dungreed\Copy_Dungreed\Dungreed\GameMode\GameMode.h(6): message : 'GameMode::Update' 선언을 참조하십시오.
G:\VisualStudio\VC\Tools\MSVC\14.32.31326\include\xmemory(1928,9): message : 'void GameMode::PreRender(void)': abstract입니다.
C:\Users\BIGSU\Documents\GitHub\Copy_Dungreed\Copy_Dungreed\Copy_Dungreed\Copy_Dungreed\Dungreed\GameMode\GameMode.h(8): message : 'GameMode::PreRender' 선언을 참조하십시오.
G:\VisualStudio\VC\Tools\MSVC\14.32.31326\include\xmemory(1928,9): message : 'void GameMode::Render(void)': abstract입니다.
C:\Users\BIGSU\Documents\GitHub\Copy_Dungreed\Copy_Dungreed\Copy_Dungreed\Copy_Dungreed\Dungreed\GameMode\GameMode.h(9): message : 'GameMode::Render' 선언을 참조하십시오.
G:\VisualStudio\VC\Tools\MSVC\14.32.31326\include\xmemory(1928,9): message : 'void GameMode::PostRender(void)': abstract입니다.
C:\Users\BIGSU\Documents\GitHub\Copy_Dungreed\Copy_Dungreed\Copy_Dungreed\Copy_Dungreed\Dungreed\GameMode\GameMode.h(10): message : 'GameMode::PostRender' 선언을 참조하십시오.
G:\VisualStudio\VC\Tools\MSVC\14.32.31326\include\xmemory(1928,9): message : 'void GameMode::ImGuiRender(void)': abstract입니다.
C:\Users\BIGSU\Documents\GitHub\Copy_Dungreed\Copy_Dungreed\Copy_Dungreed\Copy_Dungreed\Dungreed\GameMode\GameMode.h(11): message : 'GameMode::ImGuiRender' 선언을 참조하십시오.
G:\VisualStudio\VC\Tools\MSVC\14.32.31326\include\memory(2031): message : 컴파일되는 클래스 템플릿 인스턴스화 'std::_Wrap<_Ty>'에 대한 참조를 확인하세요.
          with
          [
              _Ty=GameMode
          ]
G:\VisualStudio\VC\Tools\MSVC\14.32.31326\include\memory(2729): message : 컴파일되는 클래스 템플릿 인스턴스화 'std::_Ref_count_obj2<GameMode>'에 대한 참조를 확인하세요.
C:\Users\BIGSU\Documents\GitHub\Copy_Dungreed\Copy_Dungreed\Copy_Dungreed\Copy_Dungreed\Program\Program.cpp(6): message : 컴파일되는 함수 템플릿 인스턴스화 'std::shared_ptr<GameMode> std::make_shared<GameMode,>(void)'에 대한 참조를 확인하세요.
  Timer.cpp
  Sprite.cpp
C:\Users\BIGSU\Documents\GitHub\Copy_Dungreed\Copy_Dungreed\Copy_Dungreed\Copy_Dungreed\Object\Bagic_Object\Sprite.cpp(89,13): warning C4244: '초기화 중': 'int'에서 'float'(으)로 변환하면서 데이터가 손실될 수 있습니다.
C:\Users\BIGSU\Documents\GitHub\Copy_Dungreed\Copy_Dungreed\Copy_Dungreed\Copy_Dungreed\Object\Bagic_Object\Sprite.cpp(90,13): warning C4244: '초기화 중': 'int'에서 'float'(으)로 변환하면서 데이터가 손실될 수 있습니다.
G:\VisualStudio\VC\Tools\MSVC\14.32.31326\include\xutility(142,1): warning C4267: '인수': 'size_t'에서 'UINT'(으)로 변환하면서 데이터가 손실될 수 있습니다.
G:\VisualStudio\VC\Tools\MSVC\14.32.31326\include\memory(2010): message : 컴파일되는 함수 템플릿 인스턴스화 'void std::_Construct_in_place<_Ty,VertexUV*,unsigned __int64,unsigned __int64>(_Ty &,VertexUV *&&,unsigned __int64 &&,unsigned __int64 &&) noexcept(false)'에 대한 참조를 확인하세요.
          with
          [
              _Ty=VertexBuffer
          ]
G:\VisualStudio\VC\Tools\MSVC\14.32.31326\include\memory(2729): message : 컴파일되는 함수 템플릿 인스턴스화 'std::_Ref_count_obj2<VertexBuffer>::_Ref_count_obj2<_Ty,unsigned __int64,unsigned __int64>(_Ty &&,unsigned __int64 &&,unsigned __int64 &&)'에 대한 참조를 확인하세요.
          with
          [
              _Ty=VertexUV *
          ]
G:\VisualStudio\VC\Tools\MSVC\14.32.31326\include\memory(2730): message : 컴파일되는 함수 템플릿 인스턴스화 'std::_Ref_count_obj2<VertexBuffer>::_Ref_count_obj2<_Ty,unsigned __int64,unsigned __int64>(_Ty &&,unsigned __int64 &&,unsigned __int64 &&)'에 대한 참조를 확인하세요.
          with
          [
              _Ty=VertexUV *
          ]
C:\Users\BIGSU\Documents\GitHub\Copy_Dungreed\Copy_Dungreed\Copy_Dungreed\Copy_Dungreed\Object\Bagic_Object\Sprite.cpp(19): message : 컴파일되는 함수 템플릿 인스턴스화 'std::shared_ptr<VertexBuffer> std::make_shared<VertexBuffer,_Ty*,size_t,unsigned __int64>(_Ty *&&,size_t &&,unsigned __int64 &&)'에 대한 참조를 확인하세요.
          with
          [
              _Ty=VertexUV
          ]
G:\VisualStudio\VC\Tools\MSVC\14.32.31326\include\xmemory(680,68): warning C4244: '인수': '_Ty'에서 'float'(으)로 변환하면서 데이터가 손실될 수 있습니다.
          with
          [
              _Ty=int
          ]
G:\VisualStudio\VC\Tools\MSVC\14.32.31326\include\vector(813): message : 컴파일되는 함수 템플릿 인스턴스화 'void std::_Default_allocator_traits<_Alloc>::construct<_Ty,float,float&,int,int>(_Alloc &,_Objty *const ,float &&,float &,int &&,int &&)'에 대한 참조를 확인하세요.
          with
          [
              _Alloc=std::allocator<VertexUV>,
              _Ty=VertexUV,
              _Objty=VertexUV
          ]
G:\VisualStudio\VC\Tools\MSVC\14.32.31326\include\vector(824): message : 컴파일되는 함수 템플릿 인스턴스화 'void std::_Default_allocator_traits<_Alloc>::construct<_Ty,float,float&,int,int>(_Alloc &,_Objty *const ,float &&,float &,int &&,int &&)'에 대한 참조를 확인하세요.
          with
          [
              _Alloc=std::allocator<VertexUV>,
              _Ty=VertexUV,
              _Objty=VertexUV
          ]
G:\VisualStudio\VC\Tools\MSVC\14.32.31326\include\vector(800): message : 컴파일되는 함수 템플릿 인스턴스화 '_Ty &std::vector<_Ty,std::allocator<_Ty>>::_Emplace_back_with_unused_capacity<float,float&,int,int>(float &&,float &,int &&,int &&)'에 대한 참조를 확인하세요.
          with
          [
              _Ty=VertexUV
          ]
G:\VisualStudio\VC\Tools\MSVC\14.32.31326\include\vector(806): message : 컴파일되는 함수 템플릿 인스턴스화 '_Ty &std::vector<_Ty,std::allocator<_Ty>>::_Emplace_back_with_unused_capacity<float,float&,int,int>(float &&,float &,int &&,int &&)'에 대한 참조를 확인하세요.
          with
          [
              _Ty=VertexUV
          ]
G:\VisualStudio\VC\Tools\MSVC\14.32.31326\include\vector(886): message : 컴파일되는 함수 템플릿 인스턴스화 '_Ty &std::vector<_Ty,std::allocator<_Ty>>::_Emplace_one_at_back<float,float&,int,int>(float &&,float &,int &&,int &&)'에 대한 참조를 확인하세요.
          with
          [
              _Ty=VertexUV
          ]
G:\VisualStudio\VC\Tools\MSVC\14.32.31326\include\vector(888): message : 컴파일되는 함수 템플릿 인스턴스화 '_Ty &std::vector<_Ty,std::allocator<_Ty>>::_Emplace_one_at_back<float,float&,int,int>(float &&,float &,int &&,int &&)'에 대한 참조를 확인하세요.
          with
          [
              _Ty=VertexUV
          ]
C:\Users\BIGSU\Documents\GitHub\Copy_Dungreed\Copy_Dungreed\Copy_Dungreed\Copy_Dungreed\Object\Bagic_Object\Sprite.cpp(53): message : 컴파일되는 함수 템플릿 인스턴스화 'void std::vector<VertexUV,std::allocator<VertexUV>>::emplace_back<float,float&,int,int>(float &&,float &,int &&,int &&)'에 대한 참조를 확인하세요.
  코드를 생성하고 있습니다...
C:\Users\BIGSU\Documents\GitHub\Copy_Dungreed\Copy_Dungreed\Copy_Dungreed\Copy_Dungreed\Framework\Camera\Camera.h(21): warning C4715: 'Camera::GetInstance': 모든 제어 경로에서 값을 반환하지는 않습니다.
C:\Users\BIGSU\Documents\GitHub\Copy_Dungreed\Copy_Dungreed\Copy_Dungreed\Copy_Dungreed\Framework\Utility\DirectWrite.h(59): warning C4715: 'DirectWrite::GetInstance': 모든 제어 경로에서 값을 반환하지는 않습니다.
